2025-07-18 15:02:03,959 - WARNING - 没有数据可保存
2025-07-18 15:02:03,959 - WARNING - 没有数据可保存
2025-07-18 15:02:03,974 - INFO - 数据已保存到: C:\Users\RJS15\AppData\Local\Temp\tmp4xmk9oga\test_output.csv
2025-07-18 15:02:03,979 - INFO - 数据已保存到: C:\Users\RJS15\AppData\Local\Temp\tmpmka5cnfg\test_output.json
2025-07-18 15:02:21,050 - INFO - 搜索关键词 '数据分析师' 第 1 页，获取到 0 条结果
2025-07-18 15:06:15,243 - INFO - 开始爬取关键词: 数据分析师, 城市: 北京
2025-07-18 15:06:17,055 - INFO - 搜索关键词 '数据分析师' 第 1 页，获取到 0 条结果
2025-07-18 15:06:17,055 - INFO - 关键词: 数据分析师, 城市: 北京, 页码: 1 无更多数据
2025-07-18 15:06:17,058 - INFO - 开始爬取关键词: 数据分析师, 城市: 上海
2025-07-18 15:06:18,491 - INFO - 搜索关键词 '数据分析师' 第 1 页，获取到 0 条结果
2025-07-18 15:06:18,492 - INFO - 关键词: 数据分析师, 城市: 上海, 页码: 1 无更多数据
2025-07-18 15:06:18,492 - INFO - 开始爬取关键词: 数据分析师, 城市: 深圳
2025-07-18 15:06:20,674 - INFO - 搜索关键词 '数据分析师' 第 1 页，获取到 0 条结果
2025-07-18 15:06:20,675 - INFO - 关键词: 数据分析师, 城市: 深圳, 页码: 1 无更多数据
2025-07-18 15:06:20,676 - INFO - 开始爬取关键词: 数据分析师, 城市: 广州
2025-07-18 15:06:23,877 - INFO - 搜索关键词 '数据分析师' 第 1 页，获取到 0 条结果
2025-07-18 15:06:23,877 - INFO - 关键词: 数据分析师, 城市: 广州, 页码: 1 无更多数据
2025-07-18 15:06:23,878 - INFO - 开始爬取关键词: 数据分析师, 城市: 杭州
2025-07-18 15:06:25,249 - INFO - 搜索关键词 '数据分析师' 第 1 页，获取到 0 条结果
2025-07-18 15:06:25,249 - INFO - 关键词: 数据分析师, 城市: 杭州, 页码: 1 无更多数据
2025-07-18 15:06:25,249 - INFO - 开始爬取关键词: 数据挖掘, 城市: 北京
2025-07-18 15:06:27,403 - INFO - 搜索关键词 '数据挖掘' 第 1 页，获取到 0 条结果
2025-07-18 15:06:27,404 - INFO - 关键词: 数据挖掘, 城市: 北京, 页码: 1 无更多数据
2025-07-18 15:06:27,404 - INFO - 开始爬取关键词: 数据挖掘, 城市: 上海
2025-07-18 15:06:30,023 - INFO - 搜索关键词 '数据挖掘' 第 1 页，获取到 0 条结果
2025-07-18 15:06:30,024 - INFO - 关键词: 数据挖掘, 城市: 上海, 页码: 1 无更多数据
2025-07-18 15:06:30,025 - INFO - 开始爬取关键词: 数据挖掘, 城市: 深圳
2025-07-18 15:06:33,127 - INFO - 搜索关键词 '数据挖掘' 第 1 页，获取到 0 条结果
2025-07-18 15:06:33,128 - INFO - 关键词: 数据挖掘, 城市: 深圳, 页码: 1 无更多数据
2025-07-18 15:06:33,129 - INFO - 开始爬取关键词: 数据挖掘, 城市: 广州
2025-07-18 15:06:36,188 - INFO - 搜索关键词 '数据挖掘' 第 1 页，获取到 0 条结果
2025-07-18 15:06:36,188 - INFO - 关键词: 数据挖掘, 城市: 广州, 页码: 1 无更多数据
2025-07-18 15:06:36,189 - INFO - 开始爬取关键词: 数据挖掘, 城市: 杭州
2025-07-18 15:06:39,232 - INFO - 搜索关键词 '数据挖掘' 第 1 页，获取到 0 条结果
2025-07-18 15:06:39,233 - INFO - 关键词: 数据挖掘, 城市: 杭州, 页码: 1 无更多数据
2025-07-18 15:06:39,233 - INFO - 开始爬取关键词: 数据工程师, 城市: 北京
2025-07-18 15:06:40,591 - INFO - 搜索关键词 '数据工程师' 第 1 页，获取到 0 条结果
2025-07-18 15:06:40,592 - INFO - 关键词: 数据工程师, 城市: 北京, 页码: 1 无更多数据
2025-07-18 15:06:40,592 - INFO - 开始爬取关键词: 数据工程师, 城市: 上海
2025-07-18 15:06:42,291 - INFO - 搜索关键词 '数据工程师' 第 1 页，获取到 0 条结果
2025-07-18 15:06:42,292 - INFO - 关键词: 数据工程师, 城市: 上海, 页码: 1 无更多数据
2025-07-18 15:06:42,292 - INFO - 开始爬取关键词: 数据工程师, 城市: 深圳
2025-07-18 15:06:44,050 - INFO - 搜索关键词 '数据工程师' 第 1 页，获取到 0 条结果
2025-07-18 15:06:44,051 - INFO - 关键词: 数据工程师, 城市: 深圳, 页码: 1 无更多数据
2025-07-18 15:06:44,051 - INFO - 开始爬取关键词: 数据工程师, 城市: 广州
2025-07-18 15:06:45,334 - INFO - 搜索关键词 '数据工程师' 第 1 页，获取到 0 条结果
2025-07-18 15:06:45,335 - INFO - 关键词: 数据工程师, 城市: 广州, 页码: 1 无更多数据
2025-07-18 15:06:45,336 - INFO - 开始爬取关键词: 数据工程师, 城市: 杭州
2025-07-18 15:06:46,861 - INFO - 搜索关键词 '数据工程师' 第 1 页，获取到 0 条结果
2025-07-18 15:06:46,862 - INFO - 关键词: 数据工程师, 城市: 杭州, 页码: 1 无更多数据
2025-07-18 15:06:46,862 - INFO - 开始爬取关键词: 商业分析师, 城市: 北京
2025-07-18 15:06:49,364 - INFO - 搜索关键词 '商业分析师' 第 1 页，获取到 0 条结果
2025-07-18 15:06:49,365 - INFO - 关键词: 商业分析师, 城市: 北京, 页码: 1 无更多数据
2025-07-18 15:06:49,365 - INFO - 开始爬取关键词: 商业分析师, 城市: 上海
2025-07-18 15:06:52,056 - INFO - 搜索关键词 '商业分析师' 第 1 页，获取到 0 条结果
2025-07-18 15:06:52,057 - INFO - 关键词: 商业分析师, 城市: 上海, 页码: 1 无更多数据
2025-07-18 15:06:52,058 - INFO - 开始爬取关键词: 商业分析师, 城市: 深圳
2025-07-18 15:06:54,222 - INFO - 搜索关键词 '商业分析师' 第 1 页，获取到 0 条结果
2025-07-18 15:06:54,223 - INFO - 关键词: 商业分析师, 城市: 深圳, 页码: 1 无更多数据
2025-07-18 15:06:54,223 - INFO - 开始爬取关键词: 商业分析师, 城市: 广州
2025-07-18 15:06:56,519 - INFO - 搜索关键词 '商业分析师' 第 1 页，获取到 0 条结果
2025-07-18 15:06:56,520 - INFO - 关键词: 商业分析师, 城市: 广州, 页码: 1 无更多数据
2025-07-18 15:06:56,521 - INFO - 开始爬取关键词: 商业分析师, 城市: 杭州
2025-07-18 15:06:58,208 - INFO - 搜索关键词 '商业分析师' 第 1 页，获取到 0 条结果
2025-07-18 15:06:58,209 - INFO - 关键词: 商业分析师, 城市: 杭州, 页码: 1 无更多数据
2025-07-18 15:06:58,209 - INFO - 爬取完成，总共获取 0 条职位信息
2025-07-18 15:06:58,210 - WARNING - 没有数据可保存
2025-07-18 15:06:58,210 - WARNING - 没有数据可保存
2025-07-18 15:30:58,983 - INFO - 开始爬取关键词: 数据分析师, 城市: 北京
2025-07-18 15:31:01,461 - ERROR - 搜索请求失败: Expecting value: line 1 column 1 (char 0)
2025-07-18 15:31:01,461 - WARNING - 搜索失败或无数据，跳过关键词: 数据分析师, 城市: 北京, 页码: 1
2025-07-18 15:31:01,462 - INFO - 开始爬取关键词: 数据分析师, 城市: 上海
2025-07-18 15:31:03,692 - ERROR - 搜索请求失败: Expecting value: line 1 column 1 (char 0)
2025-07-18 15:31:03,693 - WARNING - 搜索失败或无数据，跳过关键词: 数据分析师, 城市: 上海, 页码: 1
2025-07-18 15:31:03,694 - INFO - 开始爬取关键词: 数据分析师, 城市: 深圳
2025-07-18 15:31:06,001 - ERROR - 搜索请求失败: Expecting value: line 1 column 1 (char 0)
2025-07-18 15:31:06,001 - WARNING - 搜索失败或无数据，跳过关键词: 数据分析师, 城市: 深圳, 页码: 1
2025-07-18 15:31:06,002 - INFO - 开始爬取关键词: 数据分析师, 城市: 广州
2025-07-18 15:31:08,481 - ERROR - 搜索请求失败: Expecting value: line 1 column 1 (char 0)
2025-07-18 15:31:08,481 - WARNING - 搜索失败或无数据，跳过关键词: 数据分析师, 城市: 广州, 页码: 1
2025-07-18 15:31:08,482 - INFO - 开始爬取关键词: 数据分析师, 城市: 杭州
2025-07-18 15:31:11,124 - ERROR - 搜索请求失败: Expecting value: line 1 column 1 (char 0)
2025-07-18 15:31:11,125 - WARNING - 搜索失败或无数据，跳过关键词: 数据分析师, 城市: 杭州, 页码: 1
2025-07-18 15:31:11,125 - INFO - 开始爬取关键词: 数据挖掘, 城市: 北京
2025-07-18 15:31:13,097 - ERROR - 搜索请求失败: Expecting value: line 1 column 1 (char 0)
2025-07-18 15:31:13,098 - WARNING - 搜索失败或无数据，跳过关键词: 数据挖掘, 城市: 北京, 页码: 1
2025-07-18 15:31:13,098 - INFO - 开始爬取关键词: 数据挖掘, 城市: 上海
2025-07-18 15:31:16,405 - ERROR - 搜索请求失败: Expecting value: line 1 column 1 (char 0)
2025-07-18 15:31:16,405 - WARNING - 搜索失败或无数据，跳过关键词: 数据挖掘, 城市: 上海, 页码: 1
2025-07-18 15:31:16,406 - INFO - 开始爬取关键词: 数据挖掘, 城市: 深圳
2025-07-18 15:31:17,881 - ERROR - 搜索请求失败: Expecting value: line 1 column 1 (char 0)
2025-07-18 15:31:17,881 - WARNING - 搜索失败或无数据，跳过关键词: 数据挖掘, 城市: 深圳, 页码: 1
2025-07-18 15:31:17,882 - INFO - 开始爬取关键词: 数据挖掘, 城市: 广州
2025-07-18 15:31:19,507 - ERROR - 搜索请求失败: Expecting value: line 1 column 1 (char 0)
2025-07-18 15:31:19,508 - WARNING - 搜索失败或无数据，跳过关键词: 数据挖掘, 城市: 广州, 页码: 1
2025-07-18 15:31:19,508 - INFO - 开始爬取关键词: 数据挖掘, 城市: 杭州
2025-07-18 15:31:22,621 - ERROR - 搜索请求失败: Expecting value: line 1 column 1 (char 0)
2025-07-18 15:31:22,621 - WARNING - 搜索失败或无数据，跳过关键词: 数据挖掘, 城市: 杭州, 页码: 1
2025-07-18 15:31:22,621 - INFO - 开始爬取关键词: 数据工程师, 城市: 北京
2025-07-18 15:31:24,676 - ERROR - 搜索请求失败: Expecting value: line 1 column 1 (char 0)
2025-07-18 15:31:24,677 - WARNING - 搜索失败或无数据，跳过关键词: 数据工程师, 城市: 北京, 页码: 1
2025-07-18 15:31:24,678 - INFO - 开始爬取关键词: 数据工程师, 城市: 上海
2025-07-18 15:31:26,899 - ERROR - 搜索请求失败: Expecting value: line 1 column 1 (char 0)
2025-07-18 15:31:26,900 - WARNING - 搜索失败或无数据，跳过关键词: 数据工程师, 城市: 上海, 页码: 1
2025-07-18 15:31:26,900 - INFO - 开始爬取关键词: 数据工程师, 城市: 深圳
2025-07-18 15:31:28,796 - ERROR - 搜索请求失败: Expecting value: line 1 column 1 (char 0)
2025-07-18 15:31:28,796 - WARNING - 搜索失败或无数据，跳过关键词: 数据工程师, 城市: 深圳, 页码: 1
2025-07-18 15:31:28,797 - INFO - 开始爬取关键词: 数据工程师, 城市: 广州
2025-07-18 15:31:32,053 - ERROR - 搜索请求失败: Expecting value: line 1 column 1 (char 0)
2025-07-18 15:31:32,053 - WARNING - 搜索失败或无数据，跳过关键词: 数据工程师, 城市: 广州, 页码: 1
2025-07-18 15:31:32,054 - INFO - 开始爬取关键词: 数据工程师, 城市: 杭州
2025-07-18 15:31:34,606 - ERROR - 搜索请求失败: Expecting value: line 1 column 1 (char 0)
2025-07-18 15:31:34,607 - WARNING - 搜索失败或无数据，跳过关键词: 数据工程师, 城市: 杭州, 页码: 1
2025-07-18 15:31:34,607 - INFO - 开始爬取关键词: 商业分析师, 城市: 北京
2025-07-18 15:31:37,910 - ERROR - 搜索请求失败: Expecting value: line 1 column 1 (char 0)
2025-07-18 15:31:37,911 - WARNING - 搜索失败或无数据，跳过关键词: 商业分析师, 城市: 北京, 页码: 1
2025-07-18 15:31:37,912 - INFO - 开始爬取关键词: 商业分析师, 城市: 上海
2025-07-18 15:33:12,809 - INFO - 开始爬取关键词: 数据分析师, 城市: 北京
2025-07-18 15:33:15,655 - ERROR - 搜索请求失败: Expecting value: line 1 column 1 (char 0)
2025-07-18 15:33:15,657 - WARNING - 搜索失败或无数据，跳过关键词: 数据分析师, 城市: 北京, 页码: 1
2025-07-18 15:33:15,657 - INFO - 开始爬取关键词: 数据分析师, 城市: 上海
2025-07-18 15:33:17,157 - ERROR - 搜索请求失败: Expecting value: line 1 column 1 (char 0)
2025-07-18 15:33:17,158 - WARNING - 搜索失败或无数据，跳过关键词: 数据分析师, 城市: 上海, 页码: 1
2025-07-18 15:33:17,158 - INFO - 开始爬取关键词: 数据分析师, 城市: 深圳
2025-07-18 15:33:19,114 - ERROR - 搜索请求失败: Expecting value: line 1 column 1 (char 0)
2025-07-18 15:33:19,115 - WARNING - 搜索失败或无数据，跳过关键词: 数据分析师, 城市: 深圳, 页码: 1
2025-07-18 15:33:19,116 - INFO - 开始爬取关键词: 数据分析师, 城市: 广州
2025-07-18 15:33:21,555 - ERROR - 搜索请求失败: Expecting value: line 1 column 1 (char 0)
2025-07-18 15:33:21,556 - WARNING - 搜索失败或无数据，跳过关键词: 数据分析师, 城市: 广州, 页码: 1
2025-07-18 15:33:21,556 - INFO - 开始爬取关键词: 数据分析师, 城市: 杭州
2025-07-18 15:36:00,923 - INFO - 开始爬取关键词: 数据分析师, 城市: 北京
2025-07-18 15:36:02,486 - INFO - 请求URL: https://fe-api.zhaopin.com/c/i/sou
2025-07-18 15:36:02,487 - INFO - 请求参数: {'start': 0, 'pageSize': 30, 'cityId': '538', 'workExperience': -1, 'education': -1, 'companyType': -1, 'employmentType': -1, 'jobWelfareTag': -1, 'kw': '数据分析师', 'kt': 3}
2025-07-18 15:36:02,672 - INFO - 响应状态码: 200
2025-07-18 15:36:02,674 - INFO - 响应内容类型: application/json; charset=utf-8
2025-07-18 15:36:02,674 - INFO - 搜索关键词 '数据分析师' 第 1 页，获取到 0 条结果
2025-07-18 15:36:02,676 - INFO - 关键词: 数据分析师, 城市: 北京, 页码: 1 无更多数据
2025-07-18 15:36:02,676 - INFO - 开始爬取关键词: 数据分析师, 城市: 上海
2025-07-18 15:36:03,743 - INFO - 请求URL: https://fe-api.zhaopin.com/c/i/sou
2025-07-18 15:36:03,743 - INFO - 请求参数: {'start': 0, 'pageSize': 30, 'cityId': '765', 'workExperience': -1, 'education': -1, 'companyType': -1, 'employmentType': -1, 'jobWelfareTag': -1, 'kw': '数据分析师', 'kt': 3}
2025-07-18 15:36:03,900 - INFO - 响应状态码: 200
2025-07-18 15:36:03,900 - INFO - 响应内容类型: application/json; charset=utf-8
2025-07-18 15:36:03,901 - INFO - 搜索关键词 '数据分析师' 第 1 页，获取到 0 条结果
2025-07-18 15:36:03,901 - INFO - 关键词: 数据分析师, 城市: 上海, 页码: 1 无更多数据
2025-07-18 15:36:03,901 - INFO - 开始爬取关键词: 数据分析师, 城市: 深圳
2025-07-18 15:36:05,819 - INFO - 请求URL: https://fe-api.zhaopin.com/c/i/sou
2025-07-18 15:36:05,819 - INFO - 请求参数: {'start': 0, 'pageSize': 30, 'cityId': '765', 'workExperience': -1, 'education': -1, 'companyType': -1, 'employmentType': -1, 'jobWelfareTag': -1, 'kw': '数据分析师', 'kt': 3}
2025-07-18 15:36:05,923 - INFO - 响应状态码: 200
2025-07-18 15:36:05,923 - INFO - 响应内容类型: application/json; charset=utf-8
2025-07-18 15:36:05,923 - INFO - 搜索关键词 '数据分析师' 第 1 页，获取到 0 条结果
2025-07-18 15:36:05,924 - INFO - 关键词: 数据分析师, 城市: 深圳, 页码: 1 无更多数据
2025-07-18 15:36:05,924 - INFO - 开始爬取关键词: 数据分析师, 城市: 广州
2025-07-18 15:36:07,183 - INFO - 请求URL: https://fe-api.zhaopin.com/c/i/sou
2025-07-18 15:36:07,183 - INFO - 请求参数: {'start': 0, 'pageSize': 30, 'cityId': '763', 'workExperience': -1, 'education': -1, 'companyType': -1, 'employmentType': -1, 'jobWelfareTag': -1, 'kw': '数据分析师', 'kt': 3}
2025-07-18 15:36:07,348 - INFO - 响应状态码: 200
2025-07-18 15:36:07,348 - INFO - 响应内容类型: application/json; charset=utf-8
2025-07-18 15:36:07,349 - INFO - 搜索关键词 '数据分析师' 第 1 页，获取到 0 条结果
2025-07-18 15:36:07,349 - INFO - 关键词: 数据分析师, 城市: 广州, 页码: 1 无更多数据
2025-07-18 15:36:07,350 - INFO - 开始爬取关键词: 数据分析师, 城市: 杭州
2025-07-18 15:36:09,165 - INFO - 请求URL: https://fe-api.zhaopin.com/c/i/sou
2025-07-18 15:36:09,165 - INFO - 请求参数: {'start': 0, 'pageSize': 30, 'cityId': '653', 'workExperience': -1, 'education': -1, 'companyType': -1, 'employmentType': -1, 'jobWelfareTag': -1, 'kw': '数据分析师', 'kt': 3}
2025-07-18 15:36:09,507 - INFO - 响应状态码: 200
2025-07-18 15:36:09,508 - INFO - 响应内容类型: application/json; charset=utf-8
2025-07-18 15:36:09,508 - INFO - 搜索关键词 '数据分析师' 第 1 页，获取到 0 条结果
2025-07-18 15:36:09,509 - INFO - 关键词: 数据分析师, 城市: 杭州, 页码: 1 无更多数据
2025-07-18 15:36:09,509 - INFO - 开始爬取关键词: 数据挖掘, 城市: 北京
2025-07-18 15:36:10,926 - INFO - 请求URL: https://fe-api.zhaopin.com/c/i/sou
2025-07-18 15:36:10,926 - INFO - 请求参数: {'start': 0, 'pageSize': 30, 'cityId': '538', 'workExperience': -1, 'education': -1, 'companyType': -1, 'employmentType': -1, 'jobWelfareTag': -1, 'kw': '数据挖掘', 'kt': 3}
2025-07-18 15:36:11,077 - INFO - 响应状态码: 200
2025-07-18 15:36:11,077 - INFO - 响应内容类型: application/json; charset=utf-8
2025-07-18 15:36:11,078 - INFO - 搜索关键词 '数据挖掘' 第 1 页，获取到 0 条结果
2025-07-18 15:36:11,078 - INFO - 关键词: 数据挖掘, 城市: 北京, 页码: 1 无更多数据
2025-07-18 15:36:11,078 - INFO - 开始爬取关键词: 数据挖掘, 城市: 上海
2025-07-18 15:36:13,508 - INFO - 请求URL: https://fe-api.zhaopin.com/c/i/sou
2025-07-18 15:36:13,508 - INFO - 请求参数: {'start': 0, 'pageSize': 30, 'cityId': '765', 'workExperience': -1, 'education': -1, 'companyType': -1, 'employmentType': -1, 'jobWelfareTag': -1, 'kw': '数据挖掘', 'kt': 3}
2025-07-18 15:36:13,604 - INFO - 响应状态码: 200
2025-07-18 15:36:13,605 - INFO - 响应内容类型: application/json; charset=utf-8
2025-07-18 15:36:13,605 - INFO - 搜索关键词 '数据挖掘' 第 1 页，获取到 0 条结果
2025-07-18 15:36:13,606 - INFO - 关键词: 数据挖掘, 城市: 上海, 页码: 1 无更多数据
2025-07-18 15:36:13,606 - INFO - 开始爬取关键词: 数据挖掘, 城市: 深圳
2025-07-18 15:36:16,067 - INFO - 请求URL: https://fe-api.zhaopin.com/c/i/sou
2025-07-18 15:36:16,067 - INFO - 请求参数: {'start': 0, 'pageSize': 30, 'cityId': '765', 'workExperience': -1, 'education': -1, 'companyType': -1, 'employmentType': -1, 'jobWelfareTag': -1, 'kw': '数据挖掘', 'kt': 3}
2025-07-18 15:36:16,253 - INFO - 响应状态码: 200
2025-07-18 15:36:16,253 - INFO - 响应内容类型: application/json; charset=utf-8
2025-07-18 15:36:16,254 - INFO - 搜索关键词 '数据挖掘' 第 1 页，获取到 0 条结果
2025-07-18 15:36:16,254 - INFO - 关键词: 数据挖掘, 城市: 深圳, 页码: 1 无更多数据
2025-07-18 15:36:16,254 - INFO - 开始爬取关键词: 数据挖掘, 城市: 广州
2025-07-18 15:36:18,659 - INFO - 请求URL: https://fe-api.zhaopin.com/c/i/sou
2025-07-18 15:36:18,659 - INFO - 请求参数: {'start': 0, 'pageSize': 30, 'cityId': '763', 'workExperience': -1, 'education': -1, 'companyType': -1, 'employmentType': -1, 'jobWelfareTag': -1, 'kw': '数据挖掘', 'kt': 3}
2025-07-18 15:36:18,941 - INFO - 响应状态码: 200
2025-07-18 15:36:18,941 - INFO - 响应内容类型: application/json; charset=utf-8
2025-07-18 15:36:18,942 - INFO - 搜索关键词 '数据挖掘' 第 1 页，获取到 0 条结果
2025-07-18 15:36:18,942 - INFO - 关键词: 数据挖掘, 城市: 广州, 页码: 1 无更多数据
2025-07-18 15:36:18,942 - INFO - 开始爬取关键词: 数据挖掘, 城市: 杭州
2025-07-18 15:36:21,852 - INFO - 请求URL: https://fe-api.zhaopin.com/c/i/sou
2025-07-18 15:36:21,852 - INFO - 请求参数: {'start': 0, 'pageSize': 30, 'cityId': '653', 'workExperience': -1, 'education': -1, 'companyType': -1, 'employmentType': -1, 'jobWelfareTag': -1, 'kw': '数据挖掘', 'kt': 3}
2025-07-18 15:36:21,944 - INFO - 响应状态码: 200
2025-07-18 15:36:21,945 - INFO - 响应内容类型: application/json; charset=utf-8
2025-07-18 15:36:21,945 - INFO - 搜索关键词 '数据挖掘' 第 1 页，获取到 0 条结果
2025-07-18 15:36:21,946 - INFO - 关键词: 数据挖掘, 城市: 杭州, 页码: 1 无更多数据
2025-07-18 15:36:21,946 - INFO - 开始爬取关键词: 数据工程师, 城市: 北京
2025-07-18 15:36:23,050 - INFO - 请求URL: https://fe-api.zhaopin.com/c/i/sou
2025-07-18 15:36:23,051 - INFO - 请求参数: {'start': 0, 'pageSize': 30, 'cityId': '538', 'workExperience': -1, 'education': -1, 'companyType': -1, 'employmentType': -1, 'jobWelfareTag': -1, 'kw': '数据工程师', 'kt': 3}
2025-07-18 15:36:23,122 - INFO - 响应状态码: 200
2025-07-18 15:36:23,123 - INFO - 响应内容类型: application/json; charset=utf-8
2025-07-18 15:36:23,124 - INFO - 搜索关键词 '数据工程师' 第 1 页，获取到 0 条结果
2025-07-18 15:36:23,124 - INFO - 关键词: 数据工程师, 城市: 北京, 页码: 1 无更多数据
2025-07-18 15:36:23,125 - INFO - 开始爬取关键词: 数据工程师, 城市: 上海
2025-07-18 15:36:25,663 - INFO - 请求URL: https://fe-api.zhaopin.com/c/i/sou
2025-07-18 15:36:25,663 - INFO - 请求参数: {'start': 0, 'pageSize': 30, 'cityId': '765', 'workExperience': -1, 'education': -1, 'companyType': -1, 'employmentType': -1, 'jobWelfareTag': -1, 'kw': '数据工程师', 'kt': 3}
2025-07-18 15:36:25,729 - INFO - 响应状态码: 200
2025-07-18 15:36:25,729 - INFO - 响应内容类型: application/json; charset=utf-8
2025-07-18 15:36:25,729 - INFO - 搜索关键词 '数据工程师' 第 1 页，获取到 0 条结果
2025-07-18 15:36:25,729 - INFO - 关键词: 数据工程师, 城市: 上海, 页码: 1 无更多数据
2025-07-18 15:36:25,730 - INFO - 开始爬取关键词: 数据工程师, 城市: 深圳
2025-07-18 15:36:28,257 - INFO - 请求URL: https://fe-api.zhaopin.com/c/i/sou
2025-07-18 15:36:28,257 - INFO - 请求参数: {'start': 0, 'pageSize': 30, 'cityId': '765', 'workExperience': -1, 'education': -1, 'companyType': -1, 'employmentType': -1, 'jobWelfareTag': -1, 'kw': '数据工程师', 'kt': 3}
2025-07-18 15:36:28,542 - INFO - 响应状态码: 200
2025-07-18 15:36:28,543 - INFO - 响应内容类型: application/json; charset=utf-8
2025-07-18 15:36:28,543 - INFO - 搜索关键词 '数据工程师' 第 1 页，获取到 0 条结果
2025-07-18 15:36:28,543 - INFO - 关键词: 数据工程师, 城市: 深圳, 页码: 1 无更多数据
2025-07-18 15:36:28,544 - INFO - 开始爬取关键词: 数据工程师, 城市: 广州
2025-07-18 15:36:30,785 - INFO - 请求URL: https://fe-api.zhaopin.com/c/i/sou
2025-07-18 15:36:30,785 - INFO - 请求参数: {'start': 0, 'pageSize': 30, 'cityId': '763', 'workExperience': -1, 'education': -1, 'companyType': -1, 'employmentType': -1, 'jobWelfareTag': -1, 'kw': '数据工程师', 'kt': 3}
2025-07-18 15:36:30,864 - INFO - 响应状态码: 200
2025-07-18 15:36:30,865 - INFO - 响应内容类型: application/json; charset=utf-8
2025-07-18 15:36:30,865 - INFO - 搜索关键词 '数据工程师' 第 1 页，获取到 0 条结果
2025-07-18 15:36:30,865 - INFO - 关键词: 数据工程师, 城市: 广州, 页码: 1 无更多数据
2025-07-18 15:36:30,866 - INFO - 开始爬取关键词: 数据工程师, 城市: 杭州
2025-07-18 15:36:32,454 - INFO - 请求URL: https://fe-api.zhaopin.com/c/i/sou
2025-07-18 15:36:32,454 - INFO - 请求参数: {'start': 0, 'pageSize': 30, 'cityId': '653', 'workExperience': -1, 'education': -1, 'companyType': -1, 'employmentType': -1, 'jobWelfareTag': -1, 'kw': '数据工程师', 'kt': 3}
2025-07-18 15:36:33,008 - INFO - 响应状态码: 200
2025-07-18 15:36:33,009 - INFO - 响应内容类型: application/json; charset=utf-8
2025-07-18 15:36:33,009 - INFO - 搜索关键词 '数据工程师' 第 1 页，获取到 0 条结果
2025-07-18 15:36:33,010 - INFO - 关键词: 数据工程师, 城市: 杭州, 页码: 1 无更多数据
2025-07-18 15:36:33,010 - INFO - 开始爬取关键词: 商业分析师, 城市: 北京
2025-07-18 15:36:35,321 - INFO - 请求URL: https://fe-api.zhaopin.com/c/i/sou
2025-07-18 15:36:35,322 - INFO - 请求参数: {'start': 0, 'pageSize': 30, 'cityId': '538', 'workExperience': -1, 'education': -1, 'companyType': -1, 'employmentType': -1, 'jobWelfareTag': -1, 'kw': '商业分析师', 'kt': 3}
2025-07-18 15:36:35,650 - INFO - 响应状态码: 200
2025-07-18 15:36:35,651 - INFO - 响应内容类型: application/json; charset=utf-8
2025-07-18 15:36:35,652 - INFO - 搜索关键词 '商业分析师' 第 1 页，获取到 0 条结果
2025-07-18 15:36:35,653 - INFO - 关键词: 商业分析师, 城市: 北京, 页码: 1 无更多数据
2025-07-18 15:36:35,653 - INFO - 开始爬取关键词: 商业分析师, 城市: 上海
2025-07-18 15:36:38,512 - INFO - 请求URL: https://fe-api.zhaopin.com/c/i/sou
2025-07-18 15:36:38,512 - INFO - 请求参数: {'start': 0, 'pageSize': 30, 'cityId': '765', 'workExperience': -1, 'education': -1, 'companyType': -1, 'employmentType': -1, 'jobWelfareTag': -1, 'kw': '商业分析师', 'kt': 3}
2025-07-18 15:36:38,679 - INFO - 响应状态码: 200
2025-07-18 15:36:38,680 - INFO - 响应内容类型: application/json; charset=utf-8
2025-07-18 15:36:38,680 - INFO - 搜索关键词 '商业分析师' 第 1 页，获取到 0 条结果
2025-07-18 15:36:38,680 - INFO - 关键词: 商业分析师, 城市: 上海, 页码: 1 无更多数据
2025-07-18 15:36:38,681 - INFO - 开始爬取关键词: 商业分析师, 城市: 深圳
2025-07-18 15:36:41,609 - INFO - 请求URL: https://fe-api.zhaopin.com/c/i/sou
2025-07-18 15:36:41,609 - INFO - 请求参数: {'start': 0, 'pageSize': 30, 'cityId': '765', 'workExperience': -1, 'education': -1, 'companyType': -1, 'employmentType': -1, 'jobWelfareTag': -1, 'kw': '商业分析师', 'kt': 3}
2025-07-18 15:36:41,785 - INFO - 响应状态码: 200
2025-07-18 15:36:41,786 - INFO - 响应内容类型: application/json; charset=utf-8
2025-07-18 15:36:41,786 - INFO - 搜索关键词 '商业分析师' 第 1 页，获取到 0 条结果
2025-07-18 15:36:41,787 - INFO - 关键词: 商业分析师, 城市: 深圳, 页码: 1 无更多数据
2025-07-18 15:36:41,787 - INFO - 开始爬取关键词: 商业分析师, 城市: 广州
2025-07-18 15:36:44,727 - INFO - 请求URL: https://fe-api.zhaopin.com/c/i/sou
2025-07-18 15:36:44,727 - INFO - 请求参数: {'start': 0, 'pageSize': 30, 'cityId': '763', 'workExperience': -1, 'education': -1, 'companyType': -1, 'employmentType': -1, 'jobWelfareTag': -1, 'kw': '商业分析师', 'kt': 3}
2025-07-18 15:36:44,823 - INFO - 响应状态码: 200
2025-07-18 15:36:44,823 - INFO - 响应内容类型: application/json; charset=utf-8
2025-07-18 15:36:44,824 - INFO - 搜索关键词 '商业分析师' 第 1 页，获取到 0 条结果
2025-07-18 15:36:44,824 - INFO - 关键词: 商业分析师, 城市: 广州, 页码: 1 无更多数据
2025-07-18 15:36:44,825 - INFO - 开始爬取关键词: 商业分析师, 城市: 杭州
2025-07-18 15:36:46,188 - INFO - 请求URL: https://fe-api.zhaopin.com/c/i/sou
2025-07-18 15:36:46,189 - INFO - 请求参数: {'start': 0, 'pageSize': 30, 'cityId': '653', 'workExperience': -1, 'education': -1, 'companyType': -1, 'employmentType': -1, 'jobWelfareTag': -1, 'kw': '商业分析师', 'kt': 3}
2025-07-18 15:36:46,276 - INFO - 响应状态码: 200
2025-07-18 15:36:46,277 - INFO - 响应内容类型: application/json; charset=utf-8
2025-07-18 15:36:46,277 - INFO - 搜索关键词 '商业分析师' 第 1 页，获取到 0 条结果
2025-07-18 15:36:46,277 - INFO - 关键词: 商业分析师, 城市: 杭州, 页码: 1 无更多数据
2025-07-18 15:36:46,278 - INFO - 爬取完成，总共获取 0 条职位信息
2025-07-18 15:36:46,278 - WARNING - 没有数据可保存
2025-07-18 15:36:46,278 - WARNING - 没有数据可保存
2025-07-18 15:38:31,384 - INFO - 开始爬取关键词: 数据分析师, 城市: 北京
2025-07-18 15:38:34,304 - INFO - 请求URL: ########################
2025-07-18 15:38:34,305 - INFO - 请求参数: {'start': 0, 'pageSize': 30, 'cityId': '538', 'workExperience': -1, 'education': -1, 'companyType': -1, 'employmentType': -1, 'jobWelfareTag': -1, 'kw': '数据分析师', 'kt': 3}
2025-07-18 15:38:34,309 - ERROR - 搜索请求失败: Invalid URL '########################': No scheme supplied. Perhaps you meant https://########################?
2025-07-18 15:38:34,310 - WARNING - 搜索失败或无数据，跳过关键词: 数据分析师, 城市: 北京, 页码: 1
2025-07-18 15:38:34,310 - INFO - 开始爬取关键词: 数据分析师, 城市: 上海
2025-07-18 15:38:37,275 - INFO - 请求URL: ########################
2025-07-18 15:38:37,275 - INFO - 请求参数: {'start': 0, 'pageSize': 30, 'cityId': '765', 'workExperience': -1, 'education': -1, 'companyType': -1, 'employmentType': -1, 'jobWelfareTag': -1, 'kw': '数据分析师', 'kt': 3}
2025-07-18 15:38:37,276 - ERROR - 搜索请求失败: Invalid URL '########################': No scheme supplied. Perhaps you meant https://########################?
2025-07-18 15:38:37,276 - WARNING - 搜索失败或无数据，跳过关键词: 数据分析师, 城市: 上海, 页码: 1
2025-07-18 15:38:37,277 - INFO - 开始爬取关键词: 数据分析师, 城市: 深圳
2025-07-18 15:38:39,346 - INFO - 请求URL: ########################
2025-07-18 15:38:39,346 - INFO - 请求参数: {'start': 0, 'pageSize': 30, 'cityId': '765', 'workExperience': -1, 'education': -1, 'companyType': -1, 'employmentType': -1, 'jobWelfareTag': -1, 'kw': '数据分析师', 'kt': 3}
2025-07-18 15:38:39,346 - ERROR - 搜索请求失败: Invalid URL '########################': No scheme supplied. Perhaps you meant https://########################?
2025-07-18 15:38:39,347 - WARNING - 搜索失败或无数据，跳过关键词: 数据分析师, 城市: 深圳, 页码: 1
2025-07-18 15:38:39,347 - INFO - 开始爬取关键词: 数据分析师, 城市: 广州
2025-07-18 15:38:40,899 - INFO - 请求URL: ########################
2025-07-18 15:38:40,899 - INFO - 请求参数: {'start': 0, 'pageSize': 30, 'cityId': '763', 'workExperience': -1, 'education': -1, 'companyType': -1, 'employmentType': -1, 'jobWelfareTag': -1, 'kw': '数据分析师', 'kt': 3}
2025-07-18 15:38:40,899 - ERROR - 搜索请求失败: Invalid URL '########################': No scheme supplied. Perhaps you meant https://########################?
2025-07-18 15:38:40,900 - WARNING - 搜索失败或无数据，跳过关键词: 数据分析师, 城市: 广州, 页码: 1
2025-07-18 15:38:40,900 - INFO - 开始爬取关键词: 数据分析师, 城市: 杭州
